<?xml version="1.0" encoding="UTF-8"?>
<!-- Generated by org.testng.reporters.JUnitXMLReporter -->
<testsuite ignored="0" hostname="DESKTOP-KMN6TAK" failures="0" tests="5" name="Default test" time="11.507" errors="0" timestamp="2022-06-15T22:35:25 ICT">
  <testcase classname="com.nexsoft.cicool.TestLoginFunctionality" name="testLogin_With_ValidUser_And_Pasword" time="2.484"/>
  <testcase classname="com.nexsoft.cicool.TestLoginFunctionality" name="testLogin_With_ValidUser_And_WrongPasword" time="1.701"/>
  <testcase classname="com.nexsoft.cicool.TestLoginFunctionality" name="testLoginWith_WrongUser_And_ValidPasword" time="0.937"/>
  <testcase classname="com.nexsoft.cicool.TestLoginFunctionality" name="testLoginWith_EmptyUser_And_EmptyPasword" time="0.945"/>
  <testcase classname="com.nexsoft.cicool.TestLoginFunctionality" name="testForgotPassword" time="0.903"/>
</testsuite> <!-- Default test -->
