<?xml version="1.0" encoding="UTF-8"?>
<!-- Generated by org.testng.reporters.JUnitXMLReporter -->
<testsuite ignored="0" hostname="DESKTOP-KMN6TAK" failures="0" tests="5" name="User Authentication" time="15.658" errors="0" timestamp="2022-06-15T23:00:08 ICT">
  <testcase classname="com.nexsoft.cicool.TestLoginFunctionality" name="testLogin_With_ValidUser_And_Pasword" time="3.343"/>
  <testcase classname="com.nexsoft.cicool.TestLoginFunctionality" name="testLogin_With_ValidUser_And_WrongPasword" time="2.465"/>
  <testcase classname="com.nexsoft.cicool.TestLoginFunctionality" name="testLoginWith_WrongUser_And_ValidPasword" time="1.634"/>
  <testcase classname="com.nexsoft.cicool.TestLoginFunctionality" name="testLoginWith_EmptyUser_And_EmptyPasword" time="1.587"/>
  <testcase classname="com.nexsoft.cicool.TestLoginFunctionality" name="testForgotPassword" time="1.568"/>
</testsuite> <!-- User Authentication -->
