<?xml version="1.0" encoding="UTF-8"?>
<!-- Generated by org.testng.reporters.JUnitXMLReporter -->
<testsuite ignored="0" hostname="DESKTOP-KMN6TAK" failures="0" tests="5" name="User Authentication" time="15.002" errors="0" timestamp="2022-06-15T22:51:08 ICT">
  <testcase classname="com.nexsoft.cicool.TestLoginFunctionality" name="testLogin_With_ValidUser_And_Pasword" time="3.225"/>
  <testcase classname="com.nexsoft.cicool.TestLoginFunctionality" name="testLogin_With_ValidUser_And_WrongPasword" time="2.425"/>
  <testcase classname="com.nexsoft.cicool.TestLoginFunctionality" name="testLoginWith_WrongUser_And_ValidPasword" time="1.721"/>
  <testcase classname="com.nexsoft.cicool.TestLoginFunctionality" name="testLoginWith_EmptyUser_And_EmptyPasword" time="1.635"/>
  <testcase classname="com.nexsoft.cicool.TestLoginFunctionality" name="testForgotPassword" time="1.44"/>
</testsuite> <!-- User Authentication -->
